<?xml version="1.0" encoding="UTF-8"?>
<!-- Generated by org.testng.reporters.JUnitReportReporter -->
<testsuite skipped="0" hostname="DESKTOP-QJC740D" name="tests.HotelLogin" tests="1" failures="0" timestamp="20 Aug 2020 02:45:57 GMT" time="17.057" errors="0">
  <testcase name="loginToHotelPage" time="17.057" classname="tests.HotelLogin"/>
</testsuite> <!-- tests.HotelLogin -->
